\BOOKMARK [1][-]{section.1}{\376\377\000A\000c\000k\000n\000o\000w\000l\000e\000d\000g\000m\000e\000n\000t\000s}{}% 1
\BOOKMARK [1][-]{section.2}{\376\377\000A\000b\000s\000t\000r\000a\000c\000t}{}% 2
\BOOKMARK [1][-]{section.3}{\376\377\000C\000o\000m\000p\000a\000n\000y\000\040\000O\000v\000e\000r\000v\000i\000e\000w}{}% 3
\BOOKMARK [2][-]{subsection.3.1}{\376\377\000O\000r\000i\000g\000i\000n\000\040\000a\000n\000d\000\040\000I\000n\000c\000e\000p\000t\000i\000o\000n}{section.3}% 4
\BOOKMARK [2][-]{subsection.3.2}{\376\377\000M\000a\000i\000n\000\040\000p\000r\000o\000d\000u\000c\000t\000s}{section.3}% 5
\BOOKMARK [1][-]{section.4}{\376\377\000I\000n\000t\000e\000r\000n\000s\000h\000i\000p\000\040\000D\000e\000s\000c\000r\000i\000p\000t\000i\000o\000n}{}% 6
\BOOKMARK [2][-]{subsection.4.1}{\376\377\000I\000n\000t\000e\000r\000n\000s\000h\000i\000p\000\040\000e\000x\000p\000e\000r\000i\000e\000n\000c\000e\000\040\000o\000v\000e\000r\000v\000i\000e\000w}{section.4}% 7
\BOOKMARK [3][-]{subsubsection.4.1.1}{\376\377\000W\000o\000r\000k\000p\000l\000a\000c\000e}{subsection.4.1}% 8
\BOOKMARK [3][-]{subsubsection.4.1.2}{\376\377\000L\000a\000n\000g\000u\000a\000g\000e\000\040\000a\000n\000d\000\040\000f\000o\000r\000m\000a\000l\000\040\000c\000o\000m\000m\000u\000n\000i\000c\000a\000t\000i\000o\000n}{subsection.4.1}% 9
\BOOKMARK [3][-]{subsubsection.4.1.3}{\376\377\000T\000h\000e\000\040\000p\000r\000o\000j\000e\000c\000t\000\040\000t\000e\000a\000m}{subsection.4.1}% 10
\BOOKMARK [3][-]{subsubsection.4.1.4}{\376\377\000P\000r\000o\000j\000e\000c\000t\000\040\000s\000p\000e\000c\000i\000f\000i\000c\000a\000t\000i\000o\000n\000\040\000a\000n\000d\000\040\000p\000r\000o\000c\000e\000s\000s}{subsection.4.1}% 11
\BOOKMARK [3][-]{subsubsection.4.1.5}{\376\377\000T\000e\000a\000m\000\040\000c\000o\000m\000m\000u\000n\000i\000c\000a\000t\000i\000o\000n}{subsection.4.1}% 12
\BOOKMARK [3][-]{subsubsection.4.1.6}{\376\377\000T\000a\000s\000k\000\040\000a\000s\000s\000i\000g\000n\000m\000e\000n\000t}{subsection.4.1}% 13
\BOOKMARK [2][-]{subsection.4.2}{\376\377\000W\000o\000r\000k\000i\000n\000g\000\040\000t\000o\000o\000l\000s}{section.4}% 14
\BOOKMARK [3][-]{subsubsection.4.2.1}{\376\377\000O\000p\000e\000r\000a\000t\000i\000n\000g\000\040\000s\000y\000s\000t\000e\000m\000s}{subsection.4.2}% 15
\BOOKMARK [3][-]{subsubsection.4.2.2}{\376\377\000I\000n\000t\000e\000g\000r\000a\000t\000e\000d\000\040\000D\000e\000v\000e\000l\000o\000p\000m\000e\000n\000t\000\040\000E\000n\000v\000i\000r\000o\000n\000m\000e\000n\000t}{subsection.4.2}% 16
\BOOKMARK [3][-]{subsubsection.4.2.3}{\376\377\000B\000a\000c\000k\000-\000e\000n\000d\000\040\000f\000r\000a\000m\000e\000w\000o\000r\000k}{subsection.4.2}% 17
\BOOKMARK [3][-]{subsubsection.4.2.4}{\376\377\000D\000a\000t\000a\000b\000a\000s\000e\000s\000\040\000m\000a\000n\000a\000g\000e\000m\000e\000n\000t\000\040\000s\000y\000s\000t\000e\000m}{subsection.4.2}% 18
\BOOKMARK [3][-]{subsubsection.4.2.5}{\376\377\000V\000e\000r\000s\000i\000o\000n\000\040\000c\000o\000n\000t\000r\000o\000l\000\040\000s\000y\000s\000t\000e\000m}{subsection.4.2}% 19
\BOOKMARK [1][-]{section.5}{\376\377\000I\000n\000t\000e\000r\000n\000s\000h\000i\000p\000\040\000T\000r\000a\000i\000n\000i\000n\000g\000\040\000P\000h\000a\000s\000e\000s}{}% 20
\BOOKMARK [2][-]{subsection.5.1}{\376\377\000O\000v\000e\000r\000v\000i\000e\000w}{section.5}% 21
\BOOKMARK [2][-]{subsection.5.2}{\376\377\000T\000r\000a\000i\000n\000i\000n\000g\000\040\000c\000o\000n\000t\000e\000n\000t\000s}{section.5}% 22
\BOOKMARK [3][-]{subsubsection.5.2.1}{\376\377\000B\000a\000s\000i\000c\000\040\000C\000+\000+\000,\000\040\000C\000M\000a\000k\000e\000,\000\040\000G\000i\000t}{subsection.5.2}% 23
\BOOKMARK [3][-]{subsubsection.5.2.2}{\376\377\000C\000+\000+\000\040\000P\000r\000o\000g\000r\000a\000m\000m\000i\000n\000g}{subsection.5.2}% 24
\BOOKMARK [3][-]{subsubsection.5.2.3}{\376\377\000L\000i\000n\000u\000x\000\040\000P\000r\000o\000g\000r\000a\000m\000m\000i\000n\000g\000,\000\040\000S\000h\000e\000l\000l\000\040\000S\000c\000r\000i\000p\000t\000i\000n\000g}{subsection.5.2}% 25
\BOOKMARK [3][-]{subsubsection.5.2.4}{\376\377\000T\000e\000s\000t\000i\000n\000g\000\040\000C\000o\000n\000c\000e\000p\000t\000s\000,\000\040\000C\000l\000e\000a\000n\000\040\000C\000o\000d\000e}{subsection.5.2}% 26
\BOOKMARK [3][-]{subsubsection.5.2.5}{\376\377\000S\000o\000f\000t\000w\000a\000r\000e\000\040\000D\000e\000s\000i\000g\000n}{subsection.5.2}% 27
\BOOKMARK [3][-]{subsubsection.5.2.6}{\376\377\000P\000y\000t\000h\000o\000n\000,\000\040\000F\000l\000a\000s\000k\000\040\000f\000r\000a\000m\000e\000w\000o\000r\000k}{subsection.5.2}% 28
\BOOKMARK [2][-]{subsection.5.3}{\376\377\000R\000e\000s\000u\000l\000t}{section.5}% 29
\BOOKMARK [1][-]{section.6}{\376\377\000I\000n\000t\000e\000r\000n\000s\000h\000i\000p\000\040\000I\000n\000t\000e\000r\000n\000a\000l\000\040\000P\000r\000o\000j\000e\000c\000t\000\040\000D\000e\000p\000l\000o\000y\000m\000e\000n\000t\000\040\000P\000h\000a\000s\000e}{}% 30
\BOOKMARK [2][-]{subsection.6.1}{\376\377\000O\000v\000e\000r\000v\000i\000e\000w}{section.6}% 31
\BOOKMARK [2][-]{subsection.6.2}{\376\377\000R\000e\000s\000p\000o\000n\000s\000i\000b\000i\000l\000i\000t\000y}{section.6}% 32
\BOOKMARK [3][-]{subsubsection.6.2.1}{\376\377\000R\000e\000q\000u\000i\000r\000e\000m\000e\000n\000t\000\040\000a\000n\000a\000l\000y\000s\000i\000s}{subsection.6.2}% 33
\BOOKMARK [3][-]{subsubsection.6.2.2}{\376\377\000T\000a\000s\000k\000\040\000a\000s\000s\000i\000g\000n\000m\000e\000n\000t\000s}{subsection.6.2}% 34
\BOOKMARK [3][-]{subsubsection.6.2.3}{\376\377\000S\000e\000t\000\040\000u\000p\000\040\000p\000r\000o\000j\000e\000c\000t\000\040\000s\000o\000u\000r\000c\000e\000\040\000c\000o\000d\000e\000\040\000s\000t\000r\000u\000c\000t\000u\000r\000e}{subsection.6.2}% 35
\BOOKMARK [3][-]{subsubsection.6.2.4}{\376\377\000D\000a\000t\000a\000b\000a\000s\000e\000\040\000d\000e\000v\000e\000l\000o\000p\000m\000e\000n\000t}{subsection.6.2}% 36
\BOOKMARK [3][-]{subsubsection.6.2.5}{\376\377\000B\000a\000c\000k\000e\000n\000d\000\040\000d\000e\000v\000e\000l\000o\000p\000m\000e\000n\000t}{subsection.6.2}% 37
\BOOKMARK [3][-]{subsubsection.6.2.6}{\376\377\000C\000h\000a\000l\000l\000e\000n\000g\000e\000s}{subsection.6.2}% 38
\BOOKMARK [3][-]{subsubsection.6.2.7}{\376\377\000D\000e\000l\000i\000v\000e\000r\000y\000\040\000d\000o\000c\000u\000m\000e\000n\000t\000a\000t\000i\000o\000n\000s}{subsection.6.2}% 39
\BOOKMARK [2][-]{subsection.6.3}{\376\377\000P\000r\000o\000j\000e\000c\000t\000\040\000o\000u\000t\000p\000u\000t}{section.6}% 40
\BOOKMARK [1][-]{section.7}{\376\377\000I\000n\000t\000e\000r\000n\000s\000h\000i\000p\000\040\000R\000e\000s\000u\000l\000t}{}% 41
\BOOKMARK [2][-]{subsection.7.1}{\376\377\000I\000n\000t\000e\000r\000n\000s\000h\000i\000p\000\040\000t\000a\000r\000g\000e\000t\000\040\000a\000n\000d\000\040\000e\000x\000p\000e\000c\000t\000a\000t\000i\000o\000n}{section.7}% 42
\BOOKMARK [2][-]{subsection.7.2}{\376\377\000I\000n\000t\000e\000r\000n\000s\000h\000i\000p\000\040\000o\000u\000t\000p\000u\000t}{section.7}% 43
\BOOKMARK [2][-]{subsection.7.3}{\376\377\000F\000u\000t\000u\000r\000e\000\040\000p\000a\000t\000h}{section.7}% 44
\BOOKMARK [1][-]{section.8}{\376\377\000C\000o\000n\000c\000l\000u\000s\000i\000o\000n}{}% 45
\BOOKMARK [1][-]{section.9}{\376\377\000A\000p\000p\000e\000n\000d\000i\000x}{}% 46
